c:\users\rla20\onedrive\바탕 화면\말똥가리\vc-project\vc++_project\project\x64\debug\vc143.pdb
c:\users\rla20\onedrive\바탕 화면\말똥가리\vc-project\vc++_project\project\x64\debug\vc143.idb
c:\users\rla20\onedrive\바탕 화면\말똥가리\vc-project\vc++_project\project\x64\debug\puzzlepopup.obj
c:\users\rla20\onedrive\바탕 화면\말똥가리\vc-project\vc++_project\project\x64\debug\puzzlepiece.obj
c:\users\rla20\onedrive\바탕 화면\말똥가리\vc-project\vc++_project\project\x64\debug\project.obj
c:\users\rla20\onedrive\바탕 화면\말똥가리\vc-project\vc++_project\project\x64\debug\board.obj
c:\users\rla20\onedrive\바탕 화면\말똥가리\vc-project\vc++_project\x64\debug\project.exe
c:\users\rla20\onedrive\바탕 화면\말똥가리\vc-project\vc++_project\x64\debug\project.pdb
c:\users\rla20\onedrive\바탕 화면\말똥가리\vc-project\vc++_project\project\x64\debug\project.res
c:\users\rla20\onedrive\바탕 화면\말똥가리\vc-project\vc++_project\project\x64\debug\project.ilk
c:\users\rla20\onedrive\바탕 화면\말똥가리\vc-project\vc++_project\project\x64\debug\project.tlog\cl.command.1.tlog
c:\users\rla20\onedrive\바탕 화면\말똥가리\vc-project\vc++_project\project\x64\debug\project.tlog\cl.items.tlog
c:\users\rla20\onedrive\바탕 화면\말똥가리\vc-project\vc++_project\project\x64\debug\project.tlog\cl.read.1.tlog
c:\users\rla20\onedrive\바탕 화면\말똥가리\vc-project\vc++_project\project\x64\debug\project.tlog\cl.write.1.tlog
c:\users\rla20\onedrive\바탕 화면\말똥가리\vc-project\vc++_project\project\x64\debug\project.tlog\link.command.1.tlog
c:\users\rla20\onedrive\바탕 화면\말똥가리\vc-project\vc++_project\project\x64\debug\project.tlog\link.read.1.tlog
c:\users\rla20\onedrive\바탕 화면\말똥가리\vc-project\vc++_project\project\x64\debug\project.tlog\link.secondary.1.tlog
c:\users\rla20\onedrive\바탕 화면\말똥가리\vc-project\vc++_project\project\x64\debug\project.tlog\link.write.1.tlog
c:\users\rla20\onedrive\바탕 화면\말똥가리\vc-project\vc++_project\project\x64\debug\project.tlog\rc.command.1.tlog
c:\users\rla20\onedrive\바탕 화면\말똥가리\vc-project\vc++_project\project\x64\debug\project.tlog\rc.read.1.tlog
c:\users\rla20\onedrive\바탕 화면\말똥가리\vc-project\vc++_project\project\x64\debug\project.tlog\rc.write.1.tlog
